<?xml version="1.0" encoding="UTF-8"?>
<testng-results ignored="0" total="1" passed="1" failed="0" skipped="0">
  <reporter-output>
  </reporter-output>
  <suite started-at="2025-12-26T11:24:33 IST" name="Default suite" finished-at="2025-12-26T11:24:47 IST" duration-ms="13848">
    <groups>
    </groups>
    <test started-at="2025-12-26T11:24:33 IST" name="Default test" finished-at="2025-12-26T11:24:47 IST" duration-ms="13848">
      <class name="com.comcast.crm.producttest.ProductlinkTest">
        <test-method signature="createNewProduct()[pri:0, instance:com.comcast.crm.producttest.ProductlinkTest@77888435]" started-at="2025-12-26T11:24:33 IST" name="createNewProduct" finished-at="2025-12-26T11:24:47 IST" duration-ms="13713" status="PASS">
          <reporter-output>
          </reporter-output>
        </test-method> <!-- createNewProduct -->
      </class> <!-- com.comcast.crm.producttest.ProductlinkTest -->
    </test> <!-- Default test -->
  </suite> <!-- Default suite -->
</testng-results>
